mode: set
api-alta-dashboard/features/user/service/logic.go:19.63,24.2 1 1
api-alta-dashboard/features/user/service/logic.go:27.65,37.71 2 0
api-alta-dashboard/features/user/service/logic.go:42.2,47.21 2 0
api-alta-dashboard/features/user/service/logic.go:51.2,51.77 1 0
api-alta-dashboard/features/user/service/logic.go:55.2,56.23 2 0
api-alta-dashboard/features/user/service/logic.go:61.2,64.22 3 0
api-alta-dashboard/features/user/service/logic.go:69.2,69.12 1 0
api-alta-dashboard/features/user/service/logic.go:37.71,39.3 1 0
api-alta-dashboard/features/user/service/logic.go:47.21,49.3 1 0
api-alta-dashboard/features/user/service/logic.go:51.77,53.3 1 0
api-alta-dashboard/features/user/service/logic.go:56.23,59.3 2 0
api-alta-dashboard/features/user/service/logic.go:64.22,67.3 2 0
api-alta-dashboard/features/user/service/logic.go:73.80,75.17 1 1
api-alta-dashboard/features/user/service/logic.go:81.2,81.16 1 1
api-alta-dashboard/features/user/service/logic.go:91.2,91.18 1 1
api-alta-dashboard/features/user/service/logic.go:75.17,77.3 1 1
api-alta-dashboard/features/user/service/logic.go:77.8,79.3 1 1
api-alta-dashboard/features/user/service/logic.go:81.16,84.3 2 1
api-alta-dashboard/features/user/service/logic.go:94.73,96.16 2 1
api-alta-dashboard/features/user/service/logic.go:100.2,100.18 1 1
api-alta-dashboard/features/user/service/logic.go:96.16,99.3 2 1
api-alta-dashboard/features/user/service/logic.go:104.67,105.26 1 0
api-alta-dashboard/features/user/service/logic.go:111.2,112.22 2 0
api-alta-dashboard/features/user/service/logic.go:118.2,119.16 2 0
api-alta-dashboard/features/user/service/logic.go:124.2,124.12 1 0
api-alta-dashboard/features/user/service/logic.go:105.26,108.3 2 0
api-alta-dashboard/features/user/service/logic.go:112.22,115.3 2 0
api-alta-dashboard/features/user/service/logic.go:119.16,122.3 2 0
api-alta-dashboard/features/user/service/logic.go:127.50,130.22 2 0
api-alta-dashboard/features/user/service/logic.go:136.2,137.16 2 0
api-alta-dashboard/features/user/service/logic.go:141.2,141.12 1 0
api-alta-dashboard/features/user/service/logic.go:130.22,133.3 2 0
api-alta-dashboard/features/user/service/logic.go:137.16,140.3 2 0
